<?xml version="1.0" encoding="UTF-8"?>
<testsuite xmlns:xsi="http://www.w3.org/2001/XMLSchema-instance" xsi:noNamespaceSchemaLocation="https://maven.apache.org/surefire/maven-surefire-plugin/xsd/surefire-test-report-3.0.xsd" version="3.0" name="com.ctrlbuy.webshop.security.repository.UserRepositoryTest" time="10.76" tests="2" errors="0" skipped="0" failures="0">
  <properties>
    <property name="java.specification.version" value="21"/>
    <property name="sun.jnu.encoding" value="UTF-8"/>
    <property name="java.class.path" value="/Users/zarkow/portfolio-projects/webshop/target/test-classes:/Users/zarkow/portfolio-projects/webshop/target/classes:/Users/zarkow/.m2/repository/org/springframework/boot/spring-boot-starter-data-jpa/3.3.0/spring-boot-starter-data-jpa-3.3.0.jar:/Users/zarkow/.m2/repository/org/springframework/boot/spring-boot-starter-aop/3.3.0/spring-boot-starter-aop-3.3.0.jar:/Users/zarkow/.m2/repository/org/aspectj/aspectjweaver/1.9.22/aspectjweaver-1.9.22.jar:/Users/zarkow/.m2/repository/org/springframework/boot/spring-boot-starter-jdbc/3.3.0/spring-boot-starter-jdbc-3.3.0.jar:/Users/zarkow/.m2/repository/com/zaxxer/HikariCP/5.1.0/HikariCP-5.1.0.jar:/Users/zarkow/.m2/repository/org/springframework/spring-jdbc/6.1.8/spring-jdbc-6.1.8.jar:/Users/zarkow/.m2/repository/org/hibernate/orm/hibernate-core/6.5.2.Final/hibernate-core-6.5.2.Final.jar:/Users/zarkow/.m2/repository/jakarta/persistence/jakarta.persistence-api/3.1.0/jakarta.persistence-api-3.1.0.jar:/Users/zarkow/.m2/repository/jakarta/transaction/jakarta.transaction-api/2.0.1/jakarta.transaction-api-2.0.1.jar:/Users/zarkow/.m2/repository/org/jboss/logging/jboss-logging/3.5.3.Final/jboss-logging-3.5.3.Final.jar:/Users/zarkow/.m2/repository/org/hibernate/common/hibernate-commons-annotations/6.0.6.Final/hibernate-commons-annotations-6.0.6.Final.jar:/Users/zarkow/.m2/repository/io/smallrye/jandex/3.1.2/jandex-3.1.2.jar:/Users/zarkow/.m2/repository/com/fasterxml/classmate/1.7.0/classmate-1.7.0.jar:/Users/zarkow/.m2/repository/org/glassfish/jaxb/jaxb-runtime/4.0.5/jaxb-runtime-4.0.5.jar:/Users/zarkow/.m2/repository/org/glassfish/jaxb/jaxb-core/4.0.5/jaxb-core-4.0.5.jar:/Users/zarkow/.m2/repository/org/glassfish/jaxb/txw2/4.0.5/txw2-4.0.5.jar:/Users/zarkow/.m2/repository/com/sun/istack/istack-commons-runtime/4.1.2/istack-commons-runtime-4.1.2.jar:/Users/zarkow/.m2/repository/jakarta/inject/jakarta.inject-api/2.0.1/jakarta.inject-api-2.0.1.jar:/Users/zarkow/.m2/repository/org/antlr/antlr4-runtime/4.13.0/antlr4-runtime-4.13.0.jar:/Users/zarkow/.m2/repository/org/springframework/data/spring-data-jpa/3.3.0/spring-data-jpa-3.3.0.jar:/Users/zarkow/.m2/repository/org/springframework/data/spring-data-commons/3.3.0/spring-data-commons-3.3.0.jar:/Users/zarkow/.m2/repository/org/springframework/spring-orm/6.1.8/spring-orm-6.1.8.jar:/Users/zarkow/.m2/repository/org/springframework/spring-context/6.1.8/spring-context-6.1.8.jar:/Users/zarkow/.m2/repository/org/springframework/spring-tx/6.1.8/spring-tx-6.1.8.jar:/Users/zarkow/.m2/repository/org/springframework/spring-beans/6.1.8/spring-beans-6.1.8.jar:/Users/zarkow/.m2/repository/jakarta/annotation/jakarta.annotation-api/2.1.1/jakarta.annotation-api-2.1.1.jar:/Users/zarkow/.m2/repository/org/springframework/spring-aspects/6.1.8/spring-aspects-6.1.8.jar:/Users/zarkow/.m2/repository/org/springframework/boot/spring-boot-starter-security/3.3.0/spring-boot-starter-security-3.3.0.jar:/Users/zarkow/.m2/repository/org/springframework/boot/spring-boot-starter/3.3.0/spring-boot-starter-3.3.0.jar:/Users/zarkow/.m2/repository/org/springframework/boot/spring-boot/3.3.0/spring-boot-3.3.0.jar:/Users/zarkow/.m2/repository/org/springframework/boot/spring-boot-autoconfigure/3.3.0/spring-boot-autoconfigure-3.3.0.jar:/Users/zarkow/.m2/repository/org/springframework/boot/spring-boot-starter-logging/3.3.0/spring-boot-starter-logging-3.3.0.jar:/Users/zarkow/.m2/repository/ch/qos/logback/logback-classic/1.5.6/logback-classic-1.5.6.jar:/Users/zarkow/.m2/repository/ch/qos/logback/logback-core/1.5.6/logback-core-1.5.6.jar:/Users/zarkow/.m2/repository/org/apache/logging/log4j/log4j-to-slf4j/2.23.1/log4j-to-slf4j-2.23.1.jar:/Users/zarkow/.m2/repository/org/apache/logging/log4j/log4j-api/2.23.1/log4j-api-2.23.1.jar:/Users/zarkow/.m2/repository/org/slf4j/jul-to-slf4j/2.0.13/jul-to-slf4j-2.0.13.jar:/Users/zarkow/.m2/repository/org/yaml/snakeyaml/2.2/snakeyaml-2.2.jar:/Users/zarkow/.m2/repository/org/springframework/spring-aop/6.1.8/spring-aop-6.1.8.jar:/Users/zarkow/.m2/repository/org/springframework/security/spring-security-config/6.3.0/spring-security-config-6.3.0.jar:/Users/zarkow/.m2/repository/org/springframework/security/spring-security-web/6.3.0/spring-security-web-6.3.0.jar:/Users/zarkow/.m2/repository/org/springframework/spring-expression/6.1.8/spring-expression-6.1.8.jar:/Users/zarkow/.m2/repository/org/springframework/boot/spring-boot-starter-thymeleaf/3.3.0/spring-boot-starter-thymeleaf-3.3.0.jar:/Users/zarkow/.m2/repository/org/thymeleaf/thymeleaf-spring6/3.1.2.RELEASE/thymeleaf-spring6-3.1.2.RELEASE.jar:/Users/zarkow/.m2/repository/org/thymeleaf/thymeleaf/3.1.2.RELEASE/thymeleaf-3.1.2.RELEASE.jar:/Users/zarkow/.m2/repository/org/attoparser/attoparser/2.0.7.RELEASE/attoparser-2.0.7.RELEASE.jar:/Users/zarkow/.m2/repository/org/unbescape/unbescape/1.1.6.RELEASE/unbescape-1.1.6.RELEASE.jar:/Users/zarkow/.m2/repository/org/springframework/boot/spring-boot-starter-web/3.3.0/spring-boot-starter-web-3.3.0.jar:/Users/zarkow/.m2/repository/org/springframework/boot/spring-boot-starter-json/3.3.0/spring-boot-starter-json-3.3.0.jar:/Users/zarkow/.m2/repository/com/fasterxml/jackson/datatype/jackson-datatype-jdk8/2.17.1/jackson-datatype-jdk8-2.17.1.jar:/Users/zarkow/.m2/repository/com/fasterxml/jackson/datatype/jackson-datatype-jsr310/2.17.1/jackson-datatype-jsr310-2.17.1.jar:/Users/zarkow/.m2/repository/com/fasterxml/jackson/module/jackson-module-parameter-names/2.17.1/jackson-module-parameter-names-2.17.1.jar:/Users/zarkow/.m2/repository/org/springframework/boot/spring-boot-starter-tomcat/3.3.0/spring-boot-starter-tomcat-3.3.0.jar:/Users/zarkow/.m2/repository/org/apache/tomcat/embed/tomcat-embed-core/10.1.24/tomcat-embed-core-10.1.24.jar:/Users/zarkow/.m2/repository/org/apache/tomcat/embed/tomcat-embed-websocket/10.1.24/tomcat-embed-websocket-10.1.24.jar:/Users/zarkow/.m2/repository/org/springframework/spring-web/6.1.8/spring-web-6.1.8.jar:/Users/zarkow/.m2/repository/io/micrometer/micrometer-observation/1.13.0/micrometer-observation-1.13.0.jar:/Users/zarkow/.m2/repository/io/micrometer/micrometer-commons/1.13.0/micrometer-commons-1.13.0.jar:/Users/zarkow/.m2/repository/org/springframework/spring-webmvc/6.1.8/spring-webmvc-6.1.8.jar:/Users/zarkow/.m2/repository/org/springframework/boot/spring-boot-starter-validation/3.3.0/spring-boot-starter-validation-3.3.0.jar:/Users/zarkow/.m2/repository/org/apache/tomcat/embed/tomcat-embed-el/10.1.24/tomcat-embed-el-10.1.24.jar:/Users/zarkow/.m2/repository/org/hibernate/validator/hibernate-validator/8.0.1.Final/hibernate-validator-8.0.1.Final.jar:/Users/zarkow/.m2/repository/jakarta/validation/jakarta.validation-api/3.0.2/jakarta.validation-api-3.0.2.jar:/Users/zarkow/.m2/repository/org/springframework/boot/spring-boot-starter-mail/3.3.0/spring-boot-starter-mail-3.3.0.jar:/Users/zarkow/.m2/repository/org/springframework/spring-context-support/6.1.8/spring-context-support-6.1.8.jar:/Users/zarkow/.m2/repository/org/eclipse/angus/jakarta.mail/2.0.3/jakarta.mail-2.0.3.jar:/Users/zarkow/.m2/repository/jakarta/activation/jakarta.activation-api/2.1.3/jakarta.activation-api-2.1.3.jar:/Users/zarkow/.m2/repository/org/eclipse/angus/angus-activation/2.0.2/angus-activation-2.0.2.jar:/Users/zarkow/.m2/repository/org/thymeleaf/extras/thymeleaf-extras-springsecurity6/3.1.2.RELEASE/thymeleaf-extras-springsecurity6-3.1.2.RELEASE.jar:/Users/zarkow/.m2/repository/org/slf4j/slf4j-api/2.0.13/slf4j-api-2.0.13.jar:/Users/zarkow/.m2/repository/com/mysql/mysql-connector-j/8.3.0/mysql-connector-j-8.3.0.jar:/Users/zarkow/.m2/repository/com/h2database/h2/2.2.224/h2-2.2.224.jar:/Users/zarkow/.m2/repository/org/projectlombok/lombok/1.18.32/lombok-1.18.32.jar:/Users/zarkow/.m2/repository/io/jsonwebtoken/jjwt-api/0.12.3/jjwt-api-0.12.3.jar:/Users/zarkow/.m2/repository/io/jsonwebtoken/jjwt-impl/0.12.3/jjwt-impl-0.12.3.jar:/Users/zarkow/.m2/repository/io/jsonwebtoken/jjwt-jackson/0.12.3/jjwt-jackson-0.12.3.jar:/Users/zarkow/.m2/repository/com/fasterxml/jackson/core/jackson-databind/2.17.1/jackson-databind-2.17.1.jar:/Users/zarkow/.m2/repository/com/fasterxml/jackson/core/jackson-annotations/2.17.1/jackson-annotations-2.17.1.jar:/Users/zarkow/.m2/repository/com/fasterxml/jackson/core/jackson-core/2.17.1/jackson-core-2.17.1.jar:/Users/zarkow/.m2/repository/org/springframework/boot/spring-boot-starter-test/3.3.0/spring-boot-starter-test-3.3.0.jar:/Users/zarkow/.m2/repository/org/springframework/boot/spring-boot-test/3.3.0/spring-boot-test-3.3.0.jar:/Users/zarkow/.m2/repository/org/springframework/boot/spring-boot-test-autoconfigure/3.3.0/spring-boot-test-autoconfigure-3.3.0.jar:/Users/zarkow/.m2/repository/com/jayway/jsonpath/json-path/2.9.0/json-path-2.9.0.jar:/Users/zarkow/.m2/repository/jakarta/xml/bind/jakarta.xml.bind-api/4.0.2/jakarta.xml.bind-api-4.0.2.jar:/Users/zarkow/.m2/repository/net/minidev/json-smart/2.5.1/json-smart-2.5.1.jar:/Users/zarkow/.m2/repository/net/minidev/accessors-smart/2.5.1/accessors-smart-2.5.1.jar:/Users/zarkow/.m2/repository/org/ow2/asm/asm/9.6/asm-9.6.jar:/Users/zarkow/.m2/repository/org/awaitility/awaitility/4.2.1/awaitility-4.2.1.jar:/Users/zarkow/.m2/repository/org/hamcrest/hamcrest/2.2/hamcrest-2.2.jar:/Users/zarkow/.m2/repository/org/junit/jupiter/junit-jupiter/5.10.2/junit-jupiter-5.10.2.jar:/Users/zarkow/.m2/repository/org/junit/jupiter/junit-jupiter-api/5.10.2/junit-jupiter-api-5.10.2.jar:/Users/zarkow/.m2/repository/org/opentest4j/opentest4j/1.3.0/opentest4j-1.3.0.jar:/Users/zarkow/.m2/repository/org/junit/platform/junit-platform-commons/1.10.2/junit-platform-commons-1.10.2.jar:/Users/zarkow/.m2/repository/org/apiguardian/apiguardian-api/1.1.2/apiguardian-api-1.1.2.jar:/Users/zarkow/.m2/repository/org/junit/jupiter/junit-jupiter-params/5.10.2/junit-jupiter-params-5.10.2.jar:/Users/zarkow/.m2/repository/org/junit/jupiter/junit-jupiter-engine/5.10.2/junit-jupiter-engine-5.10.2.jar:/Users/zarkow/.m2/repository/org/junit/platform/junit-platform-engine/1.10.2/junit-platform-engine-1.10.2.jar:/Users/zarkow/.m2/repository/org/mockito/mockito-core/5.11.0/mockito-core-5.11.0.jar:/Users/zarkow/.m2/repository/net/bytebuddy/byte-buddy-agent/1.14.16/byte-buddy-agent-1.14.16.jar:/Users/zarkow/.m2/repository/org/objenesis/objenesis/3.3/objenesis-3.3.jar:/Users/zarkow/.m2/repository/org/mockito/mockito-junit-jupiter/5.11.0/mockito-junit-jupiter-5.11.0.jar:/Users/zarkow/.m2/repository/org/skyscreamer/jsonassert/1.5.1/jsonassert-1.5.1.jar:/Users/zarkow/.m2/repository/com/vaadin/external/google/android-json/0.0.20131108.vaadin1/android-json-0.0.20131108.vaadin1.jar:/Users/zarkow/.m2/repository/org/springframework/spring-core/6.1.8/spring-core-6.1.8.jar:/Users/zarkow/.m2/repository/org/springframework/spring-jcl/6.1.8/spring-jcl-6.1.8.jar:/Users/zarkow/.m2/repository/org/springframework/spring-test/6.1.8/spring-test-6.1.8.jar:/Users/zarkow/.m2/repository/org/xmlunit/xmlunit-core/2.9.1/xmlunit-core-2.9.1.jar:/Users/zarkow/.m2/repository/org/springframework/security/spring-security-test/6.3.0/spring-security-test-6.3.0.jar:/Users/zarkow/.m2/repository/org/springframework/security/spring-security-core/6.3.0/spring-security-core-6.3.0.jar:/Users/zarkow/.m2/repository/org/springframework/security/spring-security-crypto/6.3.0/spring-security-crypto-6.3.0.jar:/Users/zarkow/.m2/repository/org/assertj/assertj-core/3.25.3/assertj-core-3.25.3.jar:/Users/zarkow/.m2/repository/net/bytebuddy/byte-buddy/1.14.16/byte-buddy-1.14.16.jar:/Users/zarkow/.m2/repository/com/icegreen/greenmail/1.6.15/greenmail-1.6.15.jar:/Users/zarkow/.m2/repository/com/sun/mail/jakarta.mail/1.6.7/jakarta.mail-1.6.7.jar:/Users/zarkow/.m2/repository/com/sun/activation/jakarta.activation/1.2.1/jakarta.activation-1.2.1.jar:/Users/zarkow/.m2/repository/junit/junit/4.13.2/junit-4.13.2.jar:"/>
    <property name="java.vm.vendor" value="Eclipse Adoptium"/>
    <property name="sun.arch.data.model" value="64"/>
    <property name="java.vendor.url" value="https://adoptium.net/"/>
    <property name="user.timezone" value="Europe/Stockholm"/>
    <property name="org.jboss.logging.provider" value="slf4j"/>
    <property name="os.name" value="Mac OS X"/>
    <property name="java.vm.specification.version" value="21"/>
    <property name="sun.java.launcher" value="SUN_STANDARD"/>
    <property name="user.country" value="SE"/>
    <property name="sun.boot.library.path" value="/Library/Java/JavaVirtualMachines/temurin-21.jdk/Contents/Home/lib"/>
    <property name="sun.java.command" value="/Users/zarkow/portfolio-projects/webshop/target/surefire/surefirebooter-20250612111610122_3.jar /Users/zarkow/portfolio-projects/webshop/target/surefire 2025-06-12T11-16-10_006-jvmRun1 surefire-20250612111610122_1tmp surefire_0-20250612111610122_2tmp"/>
    <property name="http.nonProxyHosts" value="local|*.local|169.254/16|*.169.254/16"/>
    <property name="jdk.debug" value="release"/>
    <property name="surefire.test.class.path" value="/Users/zarkow/portfolio-projects/webshop/target/test-classes:/Users/zarkow/portfolio-projects/webshop/target/classes:/Users/zarkow/.m2/repository/org/springframework/boot/spring-boot-starter-data-jpa/3.3.0/spring-boot-starter-data-jpa-3.3.0.jar:/Users/zarkow/.m2/repository/org/springframework/boot/spring-boot-starter-aop/3.3.0/spring-boot-starter-aop-3.3.0.jar:/Users/zarkow/.m2/repository/org/aspectj/aspectjweaver/1.9.22/aspectjweaver-1.9.22.jar:/Users/zarkow/.m2/repository/org/springframework/boot/spring-boot-starter-jdbc/3.3.0/spring-boot-starter-jdbc-3.3.0.jar:/Users/zarkow/.m2/repository/com/zaxxer/HikariCP/5.1.0/HikariCP-5.1.0.jar:/Users/zarkow/.m2/repository/org/springframework/spring-jdbc/6.1.8/spring-jdbc-6.1.8.jar:/Users/zarkow/.m2/repository/org/hibernate/orm/hibernate-core/6.5.2.Final/hibernate-core-6.5.2.Final.jar:/Users/zarkow/.m2/repository/jakarta/persistence/jakarta.persistence-api/3.1.0/jakarta.persistence-api-3.1.0.jar:/Users/zarkow/.m2/repository/jakarta/transaction/jakarta.transaction-api/2.0.1/jakarta.transaction-api-2.0.1.jar:/Users/zarkow/.m2/repository/org/jboss/logging/jboss-logging/3.5.3.Final/jboss-logging-3.5.3.Final.jar:/Users/zarkow/.m2/repository/org/hibernate/common/hibernate-commons-annotations/6.0.6.Final/hibernate-commons-annotations-6.0.6.Final.jar:/Users/zarkow/.m2/repository/io/smallrye/jandex/3.1.2/jandex-3.1.2.jar:/Users/zarkow/.m2/repository/com/fasterxml/classmate/1.7.0/classmate-1.7.0.jar:/Users/zarkow/.m2/repository/org/glassfish/jaxb/jaxb-runtime/4.0.5/jaxb-runtime-4.0.5.jar:/Users/zarkow/.m2/repository/org/glassfish/jaxb/jaxb-core/4.0.5/jaxb-core-4.0.5.jar:/Users/zarkow/.m2/repository/org/glassfish/jaxb/txw2/4.0.5/txw2-4.0.5.jar:/Users/zarkow/.m2/repository/com/sun/istack/istack-commons-runtime/4.1.2/istack-commons-runtime-4.1.2.jar:/Users/zarkow/.m2/repository/jakarta/inject/jakarta.inject-api/2.0.1/jakarta.inject-api-2.0.1.jar:/Users/zarkow/.m2/repository/org/antlr/antlr4-runtime/4.13.0/antlr4-runtime-4.13.0.jar:/Users/zarkow/.m2/repository/org/springframework/data/spring-data-jpa/3.3.0/spring-data-jpa-3.3.0.jar:/Users/zarkow/.m2/repository/org/springframework/data/spring-data-commons/3.3.0/spring-data-commons-3.3.0.jar:/Users/zarkow/.m2/repository/org/springframework/spring-orm/6.1.8/spring-orm-6.1.8.jar:/Users/zarkow/.m2/repository/org/springframework/spring-context/6.1.8/spring-context-6.1.8.jar:/Users/zarkow/.m2/repository/org/springframework/spring-tx/6.1.8/spring-tx-6.1.8.jar:/Users/zarkow/.m2/repository/org/springframework/spring-beans/6.1.8/spring-beans-6.1.8.jar:/Users/zarkow/.m2/repository/jakarta/annotation/jakarta.annotation-api/2.1.1/jakarta.annotation-api-2.1.1.jar:/Users/zarkow/.m2/repository/org/springframework/spring-aspects/6.1.8/spring-aspects-6.1.8.jar:/Users/zarkow/.m2/repository/org/springframework/boot/spring-boot-starter-security/3.3.0/spring-boot-starter-security-3.3.0.jar:/Users/zarkow/.m2/repository/org/springframework/boot/spring-boot-starter/3.3.0/spring-boot-starter-3.3.0.jar:/Users/zarkow/.m2/repository/org/springframework/boot/spring-boot/3.3.0/spring-boot-3.3.0.jar:/Users/zarkow/.m2/repository/org/springframework/boot/spring-boot-autoconfigure/3.3.0/spring-boot-autoconfigure-3.3.0.jar:/Users/zarkow/.m2/repository/org/springframework/boot/spring-boot-starter-logging/3.3.0/spring-boot-starter-logging-3.3.0.jar:/Users/zarkow/.m2/repository/ch/qos/logback/logback-classic/1.5.6/logback-classic-1.5.6.jar:/Users/zarkow/.m2/repository/ch/qos/logback/logback-core/1.5.6/logback-core-1.5.6.jar:/Users/zarkow/.m2/repository/org/apache/logging/log4j/log4j-to-slf4j/2.23.1/log4j-to-slf4j-2.23.1.jar:/Users/zarkow/.m2/repository/org/apache/logging/log4j/log4j-api/2.23.1/log4j-api-2.23.1.jar:/Users/zarkow/.m2/repository/org/slf4j/jul-to-slf4j/2.0.13/jul-to-slf4j-2.0.13.jar:/Users/zarkow/.m2/repository/org/yaml/snakeyaml/2.2/snakeyaml-2.2.jar:/Users/zarkow/.m2/repository/org/springframework/spring-aop/6.1.8/spring-aop-6.1.8.jar:/Users/zarkow/.m2/repository/org/springframework/security/spring-security-config/6.3.0/spring-security-config-6.3.0.jar:/Users/zarkow/.m2/repository/org/springframework/security/spring-security-web/6.3.0/spring-security-web-6.3.0.jar:/Users/zarkow/.m2/repository/org/springframework/spring-expression/6.1.8/spring-expression-6.1.8.jar:/Users/zarkow/.m2/repository/org/springframework/boot/spring-boot-starter-thymeleaf/3.3.0/spring-boot-starter-thymeleaf-3.3.0.jar:/Users/zarkow/.m2/repository/org/thymeleaf/thymeleaf-spring6/3.1.2.RELEASE/thymeleaf-spring6-3.1.2.RELEASE.jar:/Users/zarkow/.m2/repository/org/thymeleaf/thymeleaf/3.1.2.RELEASE/thymeleaf-3.1.2.RELEASE.jar:/Users/zarkow/.m2/repository/org/attoparser/attoparser/2.0.7.RELEASE/attoparser-2.0.7.RELEASE.jar:/Users/zarkow/.m2/repository/org/unbescape/unbescape/1.1.6.RELEASE/unbescape-1.1.6.RELEASE.jar:/Users/zarkow/.m2/repository/org/springframework/boot/spring-boot-starter-web/3.3.0/spring-boot-starter-web-3.3.0.jar:/Users/zarkow/.m2/repository/org/springframework/boot/spring-boot-starter-json/3.3.0/spring-boot-starter-json-3.3.0.jar:/Users/zarkow/.m2/repository/com/fasterxml/jackson/datatype/jackson-datatype-jdk8/2.17.1/jackson-datatype-jdk8-2.17.1.jar:/Users/zarkow/.m2/repository/com/fasterxml/jackson/datatype/jackson-datatype-jsr310/2.17.1/jackson-datatype-jsr310-2.17.1.jar:/Users/zarkow/.m2/repository/com/fasterxml/jackson/module/jackson-module-parameter-names/2.17.1/jackson-module-parameter-names-2.17.1.jar:/Users/zarkow/.m2/repository/org/springframework/boot/spring-boot-starter-tomcat/3.3.0/spring-boot-starter-tomcat-3.3.0.jar:/Users/zarkow/.m2/repository/org/apache/tomcat/embed/tomcat-embed-core/10.1.24/tomcat-embed-core-10.1.24.jar:/Users/zarkow/.m2/repository/org/apache/tomcat/embed/tomcat-embed-websocket/10.1.24/tomcat-embed-websocket-10.1.24.jar:/Users/zarkow/.m2/repository/org/springframework/spring-web/6.1.8/spring-web-6.1.8.jar:/Users/zarkow/.m2/repository/io/micrometer/micrometer-observation/1.13.0/micrometer-observation-1.13.0.jar:/Users/zarkow/.m2/repository/io/micrometer/micrometer-commons/1.13.0/micrometer-commons-1.13.0.jar:/Users/zarkow/.m2/repository/org/springframework/spring-webmvc/6.1.8/spring-webmvc-6.1.8.jar:/Users/zarkow/.m2/repository/org/springframework/boot/spring-boot-starter-validation/3.3.0/spring-boot-starter-validation-3.3.0.jar:/Users/zarkow/.m2/repository/org/apache/tomcat/embed/tomcat-embed-el/10.1.24/tomcat-embed-el-10.1.24.jar:/Users/zarkow/.m2/repository/org/hibernate/validator/hibernate-validator/8.0.1.Final/hibernate-validator-8.0.1.Final.jar:/Users/zarkow/.m2/repository/jakarta/validation/jakarta.validation-api/3.0.2/jakarta.validation-api-3.0.2.jar:/Users/zarkow/.m2/repository/org/springframework/boot/spring-boot-starter-mail/3.3.0/spring-boot-starter-mail-3.3.0.jar:/Users/zarkow/.m2/repository/org/springframework/spring-context-support/6.1.8/spring-context-support-6.1.8.jar:/Users/zarkow/.m2/repository/org/eclipse/angus/jakarta.mail/2.0.3/jakarta.mail-2.0.3.jar:/Users/zarkow/.m2/repository/jakarta/activation/jakarta.activation-api/2.1.3/jakarta.activation-api-2.1.3.jar:/Users/zarkow/.m2/repository/org/eclipse/angus/angus-activation/2.0.2/angus-activation-2.0.2.jar:/Users/zarkow/.m2/repository/org/thymeleaf/extras/thymeleaf-extras-springsecurity6/3.1.2.RELEASE/thymeleaf-extras-springsecurity6-3.1.2.RELEASE.jar:/Users/zarkow/.m2/repository/org/slf4j/slf4j-api/2.0.13/slf4j-api-2.0.13.jar:/Users/zarkow/.m2/repository/com/mysql/mysql-connector-j/8.3.0/mysql-connector-j-8.3.0.jar:/Users/zarkow/.m2/repository/com/h2database/h2/2.2.224/h2-2.2.224.jar:/Users/zarkow/.m2/repository/org/projectlombok/lombok/1.18.32/lombok-1.18.32.jar:/Users/zarkow/.m2/repository/io/jsonwebtoken/jjwt-api/0.12.3/jjwt-api-0.12.3.jar:/Users/zarkow/.m2/repository/io/jsonwebtoken/jjwt-impl/0.12.3/jjwt-impl-0.12.3.jar:/Users/zarkow/.m2/repository/io/jsonwebtoken/jjwt-jackson/0.12.3/jjwt-jackson-0.12.3.jar:/Users/zarkow/.m2/repository/com/fasterxml/jackson/core/jackson-databind/2.17.1/jackson-databind-2.17.1.jar:/Users/zarkow/.m2/repository/com/fasterxml/jackson/core/jackson-annotations/2.17.1/jackson-annotations-2.17.1.jar:/Users/zarkow/.m2/repository/com/fasterxml/jackson/core/jackson-core/2.17.1/jackson-core-2.17.1.jar:/Users/zarkow/.m2/repository/org/springframework/boot/spring-boot-starter-test/3.3.0/spring-boot-starter-test-3.3.0.jar:/Users/zarkow/.m2/repository/org/springframework/boot/spring-boot-test/3.3.0/spring-boot-test-3.3.0.jar:/Users/zarkow/.m2/repository/org/springframework/boot/spring-boot-test-autoconfigure/3.3.0/spring-boot-test-autoconfigure-3.3.0.jar:/Users/zarkow/.m2/repository/com/jayway/jsonpath/json-path/2.9.0/json-path-2.9.0.jar:/Users/zarkow/.m2/repository/jakarta/xml/bind/jakarta.xml.bind-api/4.0.2/jakarta.xml.bind-api-4.0.2.jar:/Users/zarkow/.m2/repository/net/minidev/json-smart/2.5.1/json-smart-2.5.1.jar:/Users/zarkow/.m2/repository/net/minidev/accessors-smart/2.5.1/accessors-smart-2.5.1.jar:/Users/zarkow/.m2/repository/org/ow2/asm/asm/9.6/asm-9.6.jar:/Users/zarkow/.m2/repository/org/awaitility/awaitility/4.2.1/awaitility-4.2.1.jar:/Users/zarkow/.m2/repository/org/hamcrest/hamcrest/2.2/hamcrest-2.2.jar:/Users/zarkow/.m2/repository/org/junit/jupiter/junit-jupiter/5.10.2/junit-jupiter-5.10.2.jar:/Users/zarkow/.m2/repository/org/junit/jupiter/junit-jupiter-api/5.10.2/junit-jupiter-api-5.10.2.jar:/Users/zarkow/.m2/repository/org/opentest4j/opentest4j/1.3.0/opentest4j-1.3.0.jar:/Users/zarkow/.m2/repository/org/junit/platform/junit-platform-commons/1.10.2/junit-platform-commons-1.10.2.jar:/Users/zarkow/.m2/repository/org/apiguardian/apiguardian-api/1.1.2/apiguardian-api-1.1.2.jar:/Users/zarkow/.m2/repository/org/junit/jupiter/junit-jupiter-params/5.10.2/junit-jupiter-params-5.10.2.jar:/Users/zarkow/.m2/repository/org/junit/jupiter/junit-jupiter-engine/5.10.2/junit-jupiter-engine-5.10.2.jar:/Users/zarkow/.m2/repository/org/junit/platform/junit-platform-engine/1.10.2/junit-platform-engine-1.10.2.jar:/Users/zarkow/.m2/repository/org/mockito/mockito-core/5.11.0/mockito-core-5.11.0.jar:/Users/zarkow/.m2/repository/net/bytebuddy/byte-buddy-agent/1.14.16/byte-buddy-agent-1.14.16.jar:/Users/zarkow/.m2/repository/org/objenesis/objenesis/3.3/objenesis-3.3.jar:/Users/zarkow/.m2/repository/org/mockito/mockito-junit-jupiter/5.11.0/mockito-junit-jupiter-5.11.0.jar:/Users/zarkow/.m2/repository/org/skyscreamer/jsonassert/1.5.1/jsonassert-1.5.1.jar:/Users/zarkow/.m2/repository/com/vaadin/external/google/android-json/0.0.20131108.vaadin1/android-json-0.0.20131108.vaadin1.jar:/Users/zarkow/.m2/repository/org/springframework/spring-core/6.1.8/spring-core-6.1.8.jar:/Users/zarkow/.m2/repository/org/springframework/spring-jcl/6.1.8/spring-jcl-6.1.8.jar:/Users/zarkow/.m2/repository/org/springframework/spring-test/6.1.8/spring-test-6.1.8.jar:/Users/zarkow/.m2/repository/org/xmlunit/xmlunit-core/2.9.1/xmlunit-core-2.9.1.jar:/Users/zarkow/.m2/repository/org/springframework/security/spring-security-test/6.3.0/spring-security-test-6.3.0.jar:/Users/zarkow/.m2/repository/org/springframework/security/spring-security-core/6.3.0/spring-security-core-6.3.0.jar:/Users/zarkow/.m2/repository/org/springframework/security/spring-security-crypto/6.3.0/spring-security-crypto-6.3.0.jar:/Users/zarkow/.m2/repository/org/assertj/assertj-core/3.25.3/assertj-core-3.25.3.jar:/Users/zarkow/.m2/repository/net/bytebuddy/byte-buddy/1.14.16/byte-buddy-1.14.16.jar:/Users/zarkow/.m2/repository/com/icegreen/greenmail/1.6.15/greenmail-1.6.15.jar:/Users/zarkow/.m2/repository/com/sun/mail/jakarta.mail/1.6.7/jakarta.mail-1.6.7.jar:/Users/zarkow/.m2/repository/com/sun/activation/jakarta.activation/1.2.1/jakarta.activation-1.2.1.jar:/Users/zarkow/.m2/repository/junit/junit/4.13.2/junit-4.13.2.jar:"/>
    <property name="sun.cpu.endian" value="little"/>
    <property name="user.home" value="/Users/zarkow"/>
    <property name="user.language" value="sv"/>
    <property name="java.specification.vendor" value="Oracle Corporation"/>
    <property name="java.version.date" value="2023-10-17"/>
    <property name="java.home" value="/Library/Java/JavaVirtualMachines/temurin-21.jdk/Contents/Home"/>
    <property name="spring.profiles.active" value="test"/>
    <property name="file.separator" value="/"/>
    <property name="basedir" value="/Users/zarkow/portfolio-projects/webshop"/>
    <property name="java.vm.compressedOopsMode" value="Zero based"/>
    <property name="line.separator" value="&#10;"/>
    <property name="java.vm.specification.vendor" value="Oracle Corporation"/>
    <property name="java.specification.name" value="Java Platform API Specification"/>
    <property name="FILE_LOG_CHARSET" value="UTF-8"/>
    <property name="java.awt.headless" value="true"/>
    <property name="apple.awt.application.name" value="ForkedBooter"/>
    <property name="surefire.real.class.path" value="/Users/zarkow/portfolio-projects/webshop/target/surefire/surefirebooter-20250612111610122_3.jar"/>
    <property name="sun.management.compiler" value="HotSpot 64-Bit Tiered Compilers"/>
    <property name="ftp.nonProxyHosts" value="local|*.local|169.254/16|*.169.254/16"/>
    <property name="java.runtime.version" value="21.0.1+12-LTS"/>
    <property name="user.name" value="zarkow"/>
    <property name="stdout.encoding" value="UTF-8"/>
    <property name="path.separator" value=":"/>
    <property name="os.version" value="12.7.6"/>
    <property name="java.runtime.name" value="OpenJDK Runtime Environment"/>
    <property name="file.encoding" value="UTF-8"/>
    <property name="java.vm.name" value="OpenJDK 64-Bit Server VM"/>
    <property name="java.vendor.version" value="Temurin-21.0.1+12"/>
    <property name="localRepository" value="/Users/zarkow/.m2/repository"/>
    <property name="java.vendor.url.bug" value="https://github.com/adoptium/adoptium-support/issues"/>
    <property name="java.io.tmpdir" value="/var/folders/r5/zk_pr8q93zlg9272hjp4jfm80000gn/T/"/>
    <property name="com.zaxxer.hikari.pool_number" value="1"/>
    <property name="java.version" value="21.0.1"/>
    <property name="user.dir" value="/Users/zarkow/portfolio-projects/webshop"/>
    <property name="os.arch" value="x86_64"/>
    <property name="java.vm.specification.name" value="Java Virtual Machine Specification"/>
    <property name="PID" value="4079"/>
    <property name="CONSOLE_LOG_CHARSET" value="UTF-8"/>
    <property name="native.encoding" value="UTF-8"/>
    <property name="java.library.path" value="/Users/zarkow/Library/Java/Extensions:/Library/Java/Extensions:/Network/Library/Java/Extensions:/System/Library/Java/Extensions:/usr/lib/java:."/>
    <property name="java.vm.info" value="mixed mode"/>
    <property name="stderr.encoding" value="UTF-8"/>
    <property name="java.vendor" value="Eclipse Adoptium"/>
    <property name="java.vm.version" value="21.0.1+12-LTS"/>
    <property name="sun.io.unicode.encoding" value="UnicodeBig"/>
    <property name="socksNonProxyHosts" value="local|*.local|169.254/16|*.169.254/16"/>
    <property name="java.class.version" value="65.0"/>
    <property name="CONSOLE_LOG_PATTERN" value="%d{yyyy-MM-dd HH:mm:ss} - %msg%n"/>
  </properties>
  <testcase name="testFindByEmail" classname="com.ctrlbuy.webshop.security.repository.UserRepositoryTest" time="1.266">
    <system-out><![CDATA[11:16:12.589 [main] INFO org.springframework.test.context.support.AnnotationConfigContextLoaderUtils -- Could not detect default configuration classes for test class [com.ctrlbuy.webshop.security.repository.UserRepositoryTest]: UserRepositoryTest does not declare any static, non-private, non-final, nested classes annotated with @Configuration.
11:16:12.900 [main] INFO org.springframework.boot.test.context.SpringBootTestContextBootstrapper -- Found @SpringBootConfiguration com.ctrlbuy.webshop.CtrlbuyWebshopApplication for test class com.ctrlbuy.webshop.security.repository.UserRepositoryTest
  .   ____          _            __ _ _
 /\\ / ___'_ __ _ _(_)_ __  __ _ \ \ \ \
( ( )\___ | '_ | '_| | '_ \/ _` | \ \ \ \
 \\/  ___)| |_)| | | | | || (_| |  ) ) ) )
  '  |____| .__|_| |_|_| |_\__, | / / / /
 =========|_|==============|___/=/_/_/_/

 :: Spring Boot ::                (v3.3.0)

2025-06-12 11:16:14 - Starting UserRepositoryTest using Java 21.0.1 with PID 4079 (started by zarkow in /Users/zarkow/portfolio-projects/webshop)
2025-06-12 11:16:14 - Running with Spring Boot v3.3.0, Spring v6.1.8
2025-06-12 11:16:14 - The following 1 profile is active: "test"
2025-06-12 11:16:14 - Bootstrapping Spring Data JPA repositories in DEFAULT mode.
2025-06-12 11:16:14 - Finished Spring Data repository scanning in 60 ms. Found 1 JPA repository interface.
2025-06-12 11:16:15 - HikariPool-1 - Starting...
2025-06-12 11:16:16 - HikariPool-1 - Added connection conn0: url=jdbc:h2:mem:testdb user=SA
2025-06-12 11:16:16 - HikariPool-1 - Start completed.
2025-06-12 11:16:16 - HHH000204: Processing PersistenceUnitInfo [name: default]
2025-06-12 11:16:16 - HHH000412: Hibernate ORM core version 6.5.2.Final
2025-06-12 11:16:16 - HHH000026: Second-level cache disabled
2025-06-12 11:16:17 - No LoadTimeWeaver setup: ignoring JPA class transformer
2025-06-12 11:16:17 - HHH90000025: H2Dialect does not need to be specified explicitly using 'hibernate.dialect' (remove the property setting and it will be selected by default)
2025-06-12 11:16:19 - HHH000489: No JTA platform available (set 'hibernate.transaction.jta.platform' to enable JTA platform integration)
2025-06-12 11:16:20 - 
    drop table if exists cart_items cascade 
Hibernate: 
    drop table if exists cart_items cascade 
2025-06-12 11:16:20 - 
    drop table if exists carts cascade 
Hibernate: 
    drop table if exists carts cascade 
2025-06-12 11:16:20 - 
    drop table if exists categories cascade 
Hibernate: 
    drop table if exists categories cascade 
2025-06-12 11:16:20 - 
    drop table if exists customer_entity cascade 
Hibernate: 
    drop table if exists customer_entity cascade 
2025-06-12 11:16:20 - 
    drop table if exists order_items cascade 
Hibernate: 
    drop table if exists order_items cascade 
2025-06-12 11:16:20 - 
    drop table if exists orders cascade 
Hibernate: 
    drop table if exists orders cascade 
2025-06-12 11:16:20 - 
    drop table if exists payments cascade 
Hibernate: 
    drop table if exists payments cascade 
2025-06-12 11:16:20 - 
    drop table if exists products cascade 
Hibernate: 
    drop table if exists products cascade 
2025-06-12 11:16:20 - 
    drop table if exists roles cascade 
Hibernate: 
    drop table if exists roles cascade 
2025-06-12 11:16:20 - 
    drop table if exists user_roles cascade 
Hibernate: 
    drop table if exists user_roles cascade 
2025-06-12 11:16:20 - 
    drop table if exists users cascade 
Hibernate: 
    drop table if exists users cascade 
2025-06-12 11:16:20 - 
    create table cart_items (
        quantity integer not null,
        unit_price numeric(10,2) not null,
        cart_id bigint,
        id bigint generated by default as identity,
        product_id bigint not null,
        primary key (id)
    )
Hibernate: 
    create table cart_items (
        quantity integer not null,
        unit_price numeric(10,2) not null,
        cart_id bigint,
        id bigint generated by default as identity,
        product_id bigint not null,
        primary key (id)
    )
2025-06-12 11:16:20 - 
    create table carts (
        created_at timestamp(6),
        id bigint generated by default as identity,
        updated_at timestamp(6),
        user_id bigint,
        session_id varchar(255),
        primary key (id)
    )
Hibernate: 
    create table carts (
        created_at timestamp(6),
        id bigint generated by default as identity,
        updated_at timestamp(6),
        user_id bigint,
        session_id varchar(255),
        primary key (id)
    )
2025-06-12 11:16:20 - 
    create table categories (
        id bigint generated by default as identity,
        description varchar(255),
        name varchar(255) not null unique,
        primary key (id)
    )
Hibernate: 
    create table categories (
        id bigint generated by default as identity,
        description varchar(255),
        name varchar(255) not null unique,
        primary key (id)
    )
2025-06-12 11:16:20 - 
    create table customer_entity (
        id bigint not null,
        password varchar(255),
        username varchar(255),
        primary key (id)
    )
Hibernate: 
    create table customer_entity (
        id bigint not null,
        password varchar(255),
        username varchar(255),
        primary key (id)
    )
2025-06-12 11:16:20 - 
    create table order_items (
        price float(53) not null,
        quantity integer not null,
        id bigint generated by default as identity,
        order_id bigint,
        product_id bigint,
        product_name varchar(255) not null,
        primary key (id)
    )
Hibernate: 
    create table order_items (
        price float(53) not null,
        quantity integer not null,
        id bigint generated by default as identity,
        order_id bigint,
        product_id bigint,
        product_name varchar(255) not null,
        primary key (id)
    )
2025-06-12 11:16:20 - 
    create table orders (
        total_amount float(53) not null,
        id bigint generated by default as identity,
        order_date timestamp(6) not null,
        refunded_at timestamp(6),
        user_id bigint,
        delivery_address varchar(255) not null,
        delivery_city varchar(255) not null,
        delivery_name varchar(255) not null,
        delivery_phone varchar(255),
        delivery_postal_code varchar(255) not null,
        order_number varchar(255) not null unique,
        payment_method varchar(255),
        payment_transaction_id varchar(255),
        transaction_id varchar(255),
        payment_status enum ('CANCELLED','COMPLETED','FAILED','PARTIALLY_REFUNDED','PENDING','PROCESSING','REFUNDED'),
        status enum ('CANCELLED','CONFIRMED','DELIVERED','PENDING','PROCESSING','SHIPPED') not null,
        primary key (id)
    )
Hibernate: 
    create table orders (
        total_amount float(53) not null,
        id bigint generated by default as identity,
        order_date timestamp(6) not null,
        refunded_at timestamp(6),
        user_id bigint,
        delivery_address varchar(255) not null,
        delivery_city varchar(255) not null,
        delivery_name varchar(255) not null,
        delivery_phone varchar(255),
        delivery_postal_code varchar(255) not null,
        order_number varchar(255) not null unique,
        payment_method varchar(255),
        payment_transaction_id varchar(255),
        transaction_id varchar(255),
        payment_status enum ('CANCELLED','COMPLETED','FAILED','PARTIALLY_REFUNDED','PENDING','PROCESSING','REFUNDED'),
        status enum ('CANCELLED','CONFIRMED','DELIVERED','PENDING','PROCESSING','SHIPPED') not null,
        primary key (id)
    )
2025-06-12 11:16:20 - 
    create table payments (
        amount numeric(10,2) not null,
        created_at timestamp(6),
        id bigint generated by default as identity,
        order_id bigint not null,
        processed_at timestamp(6),
        updated_at timestamp(6),
        card_type varchar(20),
        masked_card_number varchar(20),
        ip_address varchar(45),
        authorization_code varchar(50),
        gateway_transaction_id varchar(100),
        merchant_reference varchar(100),
        transaction_id varchar(100),
        failure_reason varchar(500),
        user_agent varchar(500),
        gateway_response varchar(1000),
        status enum ('CANCELLED','COMPLETED','FAILED','PARTIALLY_REFUNDED','PENDING','PROCESSING','REFUNDED') not null,
        type enum ('BANK_TRANSFER','CASH','CREDIT_CARD','CRYPTOCURRENCY','DEBIT_CARD','GIFT_CARD','MOBILE_PAYMENT','PAYPAL','REFUND','STRIPE'),
        primary key (id)
    )
Hibernate: 
    create table payments (
        amount numeric(10,2) not null,
        created_at timestamp(6),
        id bigint generated by default as identity,
        order_id bigint not null,
        processed_at timestamp(6),
        updated_at timestamp(6),
        card_type varchar(20),
        masked_card_number varchar(20),
        ip_address varchar(45),
        authorization_code varchar(50),
        gateway_transaction_id varchar(100),
        merchant_reference varchar(100),
        transaction_id varchar(100),
        failure_reason varchar(500),
        user_agent varchar(500),
        gateway_response varchar(1000),
        status enum ('CANCELLED','COMPLETED','FAILED','PARTIALLY_REFUNDED','PENDING','PROCESSING','REFUNDED') not null,
        type enum ('BANK_TRANSFER','CASH','CREDIT_CARD','CRYPTOCURRENCY','DEBIT_CARD','GIFT_CARD','MOBILE_PAYMENT','PAYPAL','REFUND','STRIPE'),
        primary key (id)
    )
2025-06-12 11:16:20 - 
    create table products (
        category_id integer,
        is_active boolean,
        is_featured boolean,
        manufacturer_id integer,
        price numeric(10,2) not null,
        sale_price numeric(10,2),
        stock_quantity integer,
        view_count integer not null,
        created_at timestamp(6),
        id bigint generated by default as identity,
        updated_at timestamp(6),
        description varchar(1000),
        category varchar(255),
        image_url varchar(255),
        name varchar(255) not null,
        primary key (id)
    )
Hibernate: 
    create table products (
        category_id integer,
        is_active boolean,
        is_featured boolean,
        manufacturer_id integer,
        price numeric(10,2) not null,
        sale_price numeric(10,2),
        stock_quantity integer,
        view_count integer not null,
        created_at timestamp(6),
        id bigint generated by default as identity,
        updated_at timestamp(6),
        description varchar(1000),
        category varchar(255),
        image_url varchar(255),
        name varchar(255) not null,
        primary key (id)
    )
2025-06-12 11:16:20 - 
    create table roles (
        id integer generated by default as identity,
        name enum ('ROLE_ADMIN','ROLE_MODERATOR','ROLE_USER'),
        primary key (id)
    )
Hibernate: 
    create table roles (
        id integer generated by default as identity,
        name enum ('ROLE_ADMIN','ROLE_MODERATOR','ROLE_USER'),
        primary key (id)
    )
2025-06-12 11:16:20 - 
    create table user_roles (
        user_id bigint not null,
        role varchar(255)
    )
Hibernate: 
    create table user_roles (
        user_id bigint not null,
        role varchar(255)
    )
2025-06-12 11:16:20 - 
    create table users (
        active boolean,
        email_verified boolean,
        created_at timestamp(6),
        id bigint generated by default as identity,
        reset_token_expiry timestamp(6),
        updated_at timestamp(6),
        verification_token_expiry timestamp(6),
        email varchar(255) not null unique,
        first_name varchar(255),
        last_name varchar(255),
        password varchar(255) not null,
        reset_token varchar(255),
        username varchar(255) not null unique,
        verification_token varchar(255),
        primary key (id)
    )
Hibernate: 
    create table users (
        active boolean,
        email_verified boolean,
        created_at timestamp(6),
        id bigint generated by default as identity,
        reset_token_expiry timestamp(6),
        updated_at timestamp(6),
        verification_token_expiry timestamp(6),
        email varchar(255) not null unique,
        first_name varchar(255),
        last_name varchar(255),
        password varchar(255) not null,
        reset_token varchar(255),
        username varchar(255) not null unique,
        verification_token varchar(255),
        primary key (id)
    )
2025-06-12 11:16:20 - 
    alter table if exists cart_items 
       add constraint FKpcttvuq4mxppo8sxggjtn5i2c 
       foreign key (cart_id) 
       references carts
Hibernate: 
    alter table if exists cart_items 
       add constraint FKpcttvuq4mxppo8sxggjtn5i2c 
       foreign key (cart_id) 
       references carts
2025-06-12 11:16:20 - 
    alter table if exists cart_items 
       add constraint FK1re40cjegsfvw58xrkdp6bac6 
       foreign key (product_id) 
       references products
Hibernate: 
    alter table if exists cart_items 
       add constraint FK1re40cjegsfvw58xrkdp6bac6 
       foreign key (product_id) 
       references products
2025-06-12 11:16:20 - 
    alter table if exists carts 
       add constraint FKb5o626f86h46m4s7ms6ginnop 
       foreign key (user_id) 
       references users
Hibernate: 
    alter table if exists carts 
       add constraint FKb5o626f86h46m4s7ms6ginnop 
       foreign key (user_id) 
       references users
2025-06-12 11:16:20 - 
    alter table if exists order_items 
       add constraint FKbioxgbv59vetrxe0ejfubep1w 
       foreign key (order_id) 
       references orders
Hibernate: 
    alter table if exists order_items 
       add constraint FKbioxgbv59vetrxe0ejfubep1w 
       foreign key (order_id) 
       references orders
2025-06-12 11:16:20 - 
    alter table if exists order_items 
       add constraint FKocimc7dtr037rh4ls4l95nlfi 
       foreign key (product_id) 
       references products
Hibernate: 
    alter table if exists order_items 
       add constraint FKocimc7dtr037rh4ls4l95nlfi 
       foreign key (product_id) 
       references products
2025-06-12 11:16:20 - 
    alter table if exists orders 
       add constraint FK32ql8ubntj5uh44ph9659tiih 
       foreign key (user_id) 
       references users
Hibernate: 
    alter table if exists orders 
       add constraint FK32ql8ubntj5uh44ph9659tiih 
       foreign key (user_id) 
       references users
2025-06-12 11:16:20 - 
    alter table if exists payments 
       add constraint FK81gagumt0r8y3rmudcgpbk42l 
       foreign key (order_id) 
       references orders
Hibernate: 
    alter table if exists payments 
       add constraint FK81gagumt0r8y3rmudcgpbk42l 
       foreign key (order_id) 
       references orders
2025-06-12 11:16:20 - 
    alter table if exists user_roles 
       add constraint FKhfh9dx7w3ubf1co1vdev94g3f 
       foreign key (user_id) 
       references users
Hibernate: 
    alter table if exists user_roles 
       add constraint FKhfh9dx7w3ubf1co1vdev94g3f 
       foreign key (user_id) 
       references users
2025-06-12 11:16:20 - Initialized JPA EntityManagerFactory for persistence unit 'default'
2025-06-12 11:16:20 - Hibernate is in classpath; If applicable, HQL parser will be used.
2025-06-12 11:16:21 - Started UserRepositoryTest in 8.542 seconds (process running for 11.415)

=== SPRING BOOT DEBUG INFO ===
=== REGISTERED CONTROLLERS ===

=== URL MAPPINGS ===
Could not get URL mappings: No qualifying bean of type 'org.springframework.web.servlet.mvc.method.annotation.RequestMappingHandlerMapping' available
=== END DEBUG INFO ===

2025-06-12 11:16:22 - Kör testFindByEmail
2025-06-12 11:16:22 - 
    insert 
    into
        users
        (active, created_at, email, email_verified, first_name, last_name, password, reset_token, reset_token_expiry, updated_at, username, verification_token, verification_token_expiry, id) 
    values
        (?, ?, ?, ?, ?, ?, ?, ?, ?, ?, ?, ?, ?, default)
Hibernate: 
    insert 
    into
        users
        (active, created_at, email, email_verified, first_name, last_name, password, reset_token, reset_token_expiry, updated_at, username, verification_token, verification_token_expiry, id) 
    values
        (?, ?, ?, ?, ?, ?, ?, ?, ?, ?, ?, ?, ?, default)
2025-06-12 11:16:22 - 
    select
        u1_0.id,
        u1_0.active,
        u1_0.created_at,
        u1_0.email,
        u1_0.email_verified,
        u1_0.first_name,
        u1_0.last_name,
        u1_0.password,
        u1_0.reset_token,
        u1_0.reset_token_expiry,
        u1_0.updated_at,
        u1_0.username,
        u1_0.verification_token,
        u1_0.verification_token_expiry 
    from
        users u1_0 
    where
        u1_0.email=?
Hibernate: 
    select
        u1_0.id,
        u1_0.active,
        u1_0.created_at,
        u1_0.email,
        u1_0.email_verified,
        u1_0.first_name,
        u1_0.last_name,
        u1_0.password,
        u1_0.reset_token,
        u1_0.reset_token_expiry,
        u1_0.updated_at,
        u1_0.username,
        u1_0.verification_token,
        u1_0.verification_token_expiry 
    from
        users u1_0 
    where
        u1_0.email=?
2025-06-12 11:16:22 - Test slutfört framgångsrikt
]]></system-out>
    <system-err><![CDATA[WARNING: A Java agent has been loaded dynamically (/Users/zarkow/.m2/repository/net/bytebuddy/byte-buddy-agent/1.14.16/byte-buddy-agent-1.14.16.jar)
WARNING: If a serviceability tool is in use, please run with -XX:+EnableDynamicAgentLoading to hide this warning
WARNING: If a serviceability tool is not in use, please run with -Djdk.instrument.traceUsage for more information
WARNING: Dynamic loading of agents will be disallowed by default in a future release
]]></system-err>
  </testcase>
  <testcase name="testSaveAndFindUser" classname="com.ctrlbuy.webshop.security.repository.UserRepositoryTest" time="0.012">
    <system-out><![CDATA[2025-06-12 11:16:22 - Kör testSaveAndFindUser
2025-06-12 11:16:22 - 
    insert 
    into
        users
        (active, created_at, email, email_verified, first_name, last_name, password, reset_token, reset_token_expiry, updated_at, username, verification_token, verification_token_expiry, id) 
    values
        (?, ?, ?, ?, ?, ?, ?, ?, ?, ?, ?, ?, ?, default)
Hibernate: 
    insert 
    into
        users
        (active, created_at, email, email_verified, first_name, last_name, password, reset_token, reset_token_expiry, updated_at, username, verification_token, verification_token_expiry, id) 
    values
        (?, ?, ?, ?, ?, ?, ?, ?, ?, ?, ?, ?, ?, default)
2025-06-12 11:16:22 - Sparad användare med ID: 2
2025-06-12 11:16:22 - 
    select
        u1_0.id,
        u1_0.active,
        u1_0.created_at,
        u1_0.email,
        u1_0.email_verified,
        u1_0.first_name,
        u1_0.last_name,
        u1_0.password,
        u1_0.reset_token,
        u1_0.reset_token_expiry,
        u1_0.updated_at,
        u1_0.username,
        u1_0.verification_token,
        u1_0.verification_token_expiry 
    from
        users u1_0 
    where
        u1_0.username=?
Hibernate: 
    select
        u1_0.id,
        u1_0.active,
        u1_0.created_at,
        u1_0.email,
        u1_0.email_verified,
        u1_0.first_name,
        u1_0.last_name,
        u1_0.password,
        u1_0.reset_token,
        u1_0.reset_token_expiry,
        u1_0.updated_at,
        u1_0.username,
        u1_0.verification_token,
        u1_0.verification_token_expiry 
    from
        users u1_0 
    where
        u1_0.username=?
2025-06-12 11:16:22 - Test slutfört framgångsrikt
]]></system-out>
  </testcase>
</testsuite>